nohup: ignoring input
[GIN-debug] [WARNING] Creating an Engine instance with the Logger and Recovery middleware already attached.

[GIN-debug] [WARNING] Running in "debug" mode. Switch to "release" mode in production.
 - using env:	export GIN_MODE=release
 - using code:	gin.SetMode(gin.ReleaseMode)

[GIN-debug] POST   /register                 --> main.registerHandler (3 handlers)
[GIN-debug] POST   /login                    --> main.loginHandler (3 handlers)
[GIN-debug] GET    /me                       --> main.meHandler (4 handlers)
[GIN-debug] POST   /catatan                  --> main.createCatatanHandler (4 handlers)
[GIN-debug] GET    /catatan                  --> main.listCatatanHandler (4 handlers)
[GIN-debug] GET    /catatan/revenue          --> main.revenueSummaryHandler (4 handlers)
[GIN-debug] POST   /profile                  --> main.createProfileHandler (4 handlers)
[GIN-debug] GET    /profile                  --> main.getProfileHandler (4 handlers)
[GIN-debug] POST   /uploads                  --> main.uploadFileHandler (4 handlers)
[GIN-debug] GET    /uploads                  --> main.listUploadsHandler (4 handlers)
[GIN-debug] GET    /uploads/:id              --> main.getUploadHandler (4 handlers)
[GIN-debug] [WARNING] You trusted all proxies, this is NOT safe. We recommend you to set a value.
Please check https://pkg.go.dev/github.com/gin-gonic/gin#readme-don-t-trust-all-proxies for details.
[GIN-debug] Listening and serving HTTP on :8081
[GIN] 2025/08/29 - 13:50:33 | 200 |    4.534714ms |       127.0.0.1 | POST     "/uploads"
[GIN] 2025/08/29 - 13:50:39 | 200 |    2.064146ms |       127.0.0.1 | POST     "/uploads"
[GIN] 2025/08/29 - 13:50:47 | 200 |    2.437034ms |       127.0.0.1 | POST     "/uploads"
